\BOOKMARK [1][-]{section*.1}{\376\377\000Z\000a\000d\000\341\000n\000\355}{}% 1
\BOOKMARK [1][-]{section*.2}{\376\377\000\332\000v\000o\000d}{}% 2
\BOOKMARK [1][-]{section.1}{\376\377\000D\000e\000t\000e\000k\000c\000e\000\040\000i\000o\000n\000i\000z\000u\000j\000\355\000c\000\355\000h\000o\000\040\000z\000\341\001\131\000e\000n\000\355}{}% 3
\BOOKMARK [2][-]{subsection.1.1}{\376\377\000D\000e\000t\000e\000k\000c\000e\000\040\000f\000o\000t\000o\000e\000l\000e\000k\000t\000r\000i\000c\000k\000\351\000h\000o\000\040\000j\000e\000v\000u}{section.1}% 4
\BOOKMARK [2][-]{subsection.1.2}{\376\377\000D\000e\000t\000e\000k\000c\000e\000\040\000C\000o\000m\000p\000t\000n\000o\000v\000a\000\040\000j\000e\000v\000u}{section.1}% 5
\BOOKMARK [2][-]{subsection.1.3}{\376\377\000D\000e\000t\000e\000k\000c\000e\000\040\000p\000\341\000r\000u\000\040\000p\000o\000z\000i\000t\000r\000o\000n\000-\000e\000l\000e\000k\000t\000r\000o\000n}{section.1}% 6
\BOOKMARK [1][-]{section.2}{\376\377\000M\001\033\001\131\000e\000n\000\355\000\040\000\372\001\015\000i\000n\000n\000o\000s\000t\000i}{}% 7
\BOOKMARK [2][-]{subsection.2.1}{\376\377\000V\000l\000i\000v\000\040\000e\000n\000e\000r\000g\000i\000e}{section.2}% 8
\BOOKMARK [2][-]{subsection.2.2}{\376\377\000E\000n\000e\000r\000g\000e\000t\000i\000c\000k\000\341\000\040\000k\000a\000l\000i\000b\000r\000a\000c\000e\000\040\000d\000e\000t\000e\000k\000t\000o\000r\000u}{section.2}% 9
\BOOKMARK [2][-]{subsection.2.3}{\376\377\000V\000\375\000p\000o\001\015\000e\000t\000\040\000e\000f\000e\000k\000t\000i\000v\000i\000t\000y\000\040\000d\000e\000t\000e\000k\000t\000o\000r\000u}{section.2}% 10
\BOOKMARK [1][-]{section.3}{\376\377\000R\000o\000z\000d\000\355\000l\000y\000\040\000p\001\131\000i\000\040\000m\001\033\001\131\000e\000n\000\355\000\040\000v\000\040\000r\001\157\000z\000n\000\375\000c\000h\000\040\000v\000z\000d\000\341\000l\000e\000n\000o\000s\000t\000e\000c\000h}{}% 11
\BOOKMARK [2][-]{subsection.3.1}{\376\377\000T\000e\000o\000r\000e\000t\000i\000c\000k\000\375\000\040\000p\000o\000k\000l\000e\000s\000\040\000i\000n\000t\000e\000n\000z\000i\000t\000y}{section.3}% 12
\BOOKMARK [2][-]{subsection.3.2}{\376\377\000S\000k\000u\000t\000e\001\015\000n\000\341\000\040\000z\000t\000r\000\341\000t\000a\000\040\000i\000n\000t\000e\000n\000z\000i\000t\000y}{section.3}% 13
\BOOKMARK [1][-]{section.4}{\376\377\000J\000i\000n\000\351\000\040\000v\000l\000i\000v\000y\000\040\000n\000a\000\040\000m\001\033\001\131\000e\000n\000\355\000\040\000i\000o\000n\000i\000z\000u\000j\000\355\000c\000\355\000h\000o\000\040\000z\000\341\001\131\000e\000n\000\355}{}% 14
\BOOKMARK [2][-]{subsection.4.1}{\376\377\000M\000r\000t\000v\000\341\000\040\000d\000o\000b\000a\000\040\000d\000e\000t\000e\000k\000t\000o\000r\000u}{section.4}% 15
\BOOKMARK [2][-]{subsection.4.2}{\376\377\000R\000a\000d\000i\000a\001\015\000n\000\355\000\040\000p\000o\000z\000a\000d\000\355}{section.4}% 16
\BOOKMARK [1][-]{figure.2}{\376\377\000Z\000\341\000v\001\033\000r}{}% 17
\BOOKMARK [1][-]{section*.4}{\376\377\000S\000e\000z\000n\000a\000m\000\040\000p\000o\000u\001\176\000i\000t\000\375\000c\000h\000\040\000z\000n\000a\001\015\000e\000k\000\040\000a\000\040\000s\000y\000m\000b\000o\000l\001\157}{}% 18
\BOOKMARK [1][-]{section*.5}{\376\377\000S\000e\000z\000n\000a\000m\000\040\000p\000o\000u\001\176\000i\000t\000\375\000c\000h\000\040\000o\000d\000b\000o\000r\000n\000\375\000c\000h\000\040\000v\000\375\000r\000a\000z\001\157}{}% 19
\BOOKMARK [1][-]{section*.6}{\376\377\000S\000e\000z\000n\000a\000m\000\040\000l\000i\000t\000e\000r\000a\000t\000u\000r\000y\000,\000\040\000p\000r\000a\000m\000e\000n\001\157\000\040\000a\000\040\000i\000n\000t\000e\000r\000n\000e\000t\000o\000v\000\375\000c\000h\000\040\000z\000d\000r\000o\000j\001\157}{}% 20
