\BOOKMARK [1][-]{section*.2}{\376\377\000Z\000a\000d\000\341\000n\000\355}{}% 1
\BOOKMARK [1][-]{section*.3}{\376\377\000\332\000v\000o\000d}{}% 2
\BOOKMARK [1][-]{section.1}{\376\377\000U\000r\000a\000n}{}% 3
\BOOKMARK [2][-]{subsection.1.1}{\376\377\000Z\000p\000r\000a\000c\000o\000v\000\341\000n\000\355\000\040\000r\000u\000d\000y}{section.1}% 4
\BOOKMARK [2][-]{subsection.1.2}{\376\377\000M\000o\001\176\000n\000o\000s\000t\000i\000\040\000o\000b\000o\000h\000a\000c\000o\000v\000\341\000n\000\355}{section.1}% 5
\BOOKMARK [2][-]{subsection.1.3}{\376\377\000Z\000p\001\157\000s\000o\000b\000y\000\040\000m\001\033\001\131\000e\000n\000\355\000\040\000o\000b\000o\000h\000a\000c\000e\000n\000\355}{section.1}% 6
\BOOKMARK [1][-]{section.2}{\376\377\000F\000y\000z\000i\000k\000\341\000l\000n\000\355\000\040\000p\000r\000i\000n\000c\000i\000p\000\040\000m\001\033\001\131\000e\000n\000\355}{}% 7
\BOOKMARK [2][-]{subsection.2.1}{\376\377\000D\000r\000u\000h\000y\000\040\000d\000e\000t\000e\000k\000t\000o\000r\001\157}{section.2}% 8
\BOOKMARK [3][-]{subsubsection.2.1.1}{\376\377\000G\000e\000i\000g\000e\000r\001\157\000v\040\023\000M\000\374\000l\000l\000e\000r\001\157\000v\000\040\000p\000o\001\015\000\355\000t\000a\001\015}{subsection.2.1}% 9
\BOOKMARK [3][-]{subsubsection.2.1.2}{\376\377\000S\000c\000i\000n\000t\000i\000l\000a\001\015\000n\000\355\000\040\000d\000e\000t\000e\000k\000t\000o\000r\000y}{subsection.2.1}% 10
\BOOKMARK [3][-]{subsubsection.2.1.3}{\376\377\000P\000o\000l\000o\000v\000o\000d\000i\001\015\000o\000v\000\351\000\040\000d\000e\000t\000e\000k\000t\000o\000r\000y}{subsection.2.1}% 11
\BOOKMARK [2][-]{subsection.2.2}{\376\377\000P\000r\000i\000n\000c\000i\000p\000y\000\040\000m\001\033\001\131\000e\000n\000\355\000\040\000g\000a\000m\000m\000a\000\040\000z\000\341\001\131\000e\000n\000\355}{section.2}% 12
\BOOKMARK [3][-]{subsubsection.2.2.1}{\376\377\000F\000o\000t\000o\000e\000l\000e\000k\000t\000r\000i\000c\000k\000\375\000\040\000e\000f\000f\000e\000k\000t}{subsection.2.2}% 13
\BOOKMARK [3][-]{subsubsection.2.2.2}{\376\377\000C\000o\000m\000p\000t\000n\001\157\000v\000\040\000j\000e\000v}{subsection.2.2}% 14
\BOOKMARK [3][-]{subsubsection.2.2.3}{\376\377\000T\000v\000o\000r\000b\000a\000\040\000p\000\341\000r\001\157\000\040\000e\000-\000a\000\040\000e\000+}{subsection.2.2}% 15
\BOOKMARK [1][-]{section.3}{\376\377\000K\000a\000l\000i\000b\000r\000c\000e\000\040\000H\000P\000G\000e\000\040\000d\000e\000t\000e\000k\000t\000o\000r\000u}{}% 16
\BOOKMARK [2][-]{subsection.3.1}{\376\377\000E\000n\000e\000r\000g\000e\000t\000i\000c\000k\000\341\000\040\000k\000a\000l\000i\000b\000r\000a\000c\000e}{section.3}% 17
\BOOKMARK [2][-]{subsection.3.2}{\376\377\000\332\001\015\000i\000n\000n\000o\000s\000t\000n\000\355\000\040\000k\000a\000l\000i\000b\000r\000a\000c\000e}{section.3}% 18
\BOOKMARK [2][-]{subsection.3.3}{\376\377\000O\000p\000r\000a\000v\000n\000\351\000\040\000f\000a\000k\000t\000o\000r\000y}{section.3}% 19
\BOOKMARK [3][-]{subsubsection.3.3.1}{\376\377\000N\000e\000l\000i\000n\000e\000a\000r\000i\000t\000a}{subsection.3.3}% 20
\BOOKMARK [3][-]{subsubsection.3.3.2}{\376\377\000S\000a\000m\000o\000a\000b\000s\000o\000r\000b\000c\000e}{subsection.3.3}% 21
\BOOKMARK [1][-]{section.4}{\376\377\000M\001\033\001\131\000e\000n\000\355}{}% 22
\BOOKMARK [2][-]{subsection.4.1}{\376\377\000P\000o\000s\000t\000u\000p\000\040\000m\001\033\001\131\000e\000n\000\355}{section.4}% 23
\BOOKMARK [2][-]{subsection.4.2}{\376\377\000V\000\375\000s\000l\000e\000d\000k\000y\000\040\000m\001\033\001\131\000e\000n\000\355}{section.4}% 24
\BOOKMARK [2][-]{subsection.4.3}{\376\377\000Z\000p\000r\000a\000c\000o\000v\000a\000n\000\355\000\040\000d\000a\000t}{section.4}% 25
\BOOKMARK [1][-]{section*.4}{\376\377\000S\000e\000z\000n\000a\000m\000\040\000p\000o\000u\001\176\000i\000t\000\375\000c\000h\000\040\000o\000d\000b\000o\000r\000n\000\375\000c\000h\000\040\000v\000\375\000r\000a\000z\001\157}{}% 26
\BOOKMARK [1][-]{appendix.A}{\376\377\000M\000e\000r\000e\000n\000i}{}% 27
\BOOKMARK [2][-]{subsection.A.1}{\376\377\000P\000o\000s\000t\000u\000p\000\040\000m\001\033\001\131\000e\000n\000\355}{appendix.A}% 28
\BOOKMARK [2][-]{subsection.A.2}{\376\377\000V\000\375\000s\000l\000e\000d\000k\000y\000\040\000m\001\033\001\131\000e\000n\000\355}{appendix.A}% 29
\BOOKMARK [2][-]{subsection.A.3}{\376\377\000Z\000p\000r\000a\000c\000o\000v\000a\000n\000i\000\040\000d\000a\000t}{appendix.A}% 30
